<?xml version="1.0" encoding="utf-8"?>
<shfbBuild product="Sandcastle Help File Builder and Tools" version="2015.7.25.0" projectFile="C:\wip\AccidentalFish.ApplicationSupport\AccidentalFish.ApplicationSupport.shfbproj" started="06/09/2015 12:38:26">
<buildStep step="Initializing">
Finding tools...
The Sandcastle tools are located in &#39;C:\Program Files (x86)\EWSoftware\Sandcastle Help File Builder\&#39;
Locating components in the following folder(s):
    C:\wip\AccidentalFish.ApplicationSupport
    C:\ProgramData\EWSoftware\Sandcastle Help File Builder\Components and Plug-Ins\
    C:\Program Files (x86)\EWSoftware\Sandcastle Help File Builder\
Framework reflection data location: C:\Program Files (x86)\EWSoftware\Sandcastle Help File Builder\Data\.NETFramework
Using presentation style &#39;VS2013&#39; located in &#39;C:\Program Files (x86)\EWSoftware\Sandcastle Help File Builder\PresentationStyles\VS2013&#39;
Loading and initializing plug-ins...
Lightweight Website Style Version 2015.7.25.0
Copyright &#169; 2006-2015, Eric Woodruff, All Rights Reserved
Portions Copyright &#169; 2014, Sam Harwell, All Rights Reserved
-------------------------------
Clearing any prior web/markdown output...
</buildStep>
<buildStep step="ValidatingDocumentationSources">
Validating and copying documentation source information
Source: C:\wip\AccidentalFish.ApplicationSupport\AccidentalFish.ApplicationSupport.Core\bin\Debug\AccidentalFish.ApplicationSupport.Core.dll
    Found assembly &#39;C:\wip\AccidentalFish.ApplicationSupport\AccidentalFish.ApplicationSupport.Core\bin\Debug\AccidentalFish.ApplicationSupport.Core.dll&#39;
Source: C:\wip\AccidentalFish.ApplicationSupport\AccidentalFish.ApplicationSupport.Core\bin\Debug\AccidentalFish.ApplicationSupport.Core.xml

Copying XML comments files
    C:\wip\AccidentalFish.ApplicationSupport\AccidentalFish.ApplicationSupport.Core\bin\Debug\AccidentalFish.ApplicationSupport.Core.XML -&gt; C:\wip\AccidentalFish.ApplicationSupport\Help\Working\AccidentalFish.ApplicationSupport.Core.XML
</buildStep>
<buildStep step="GenerateSharedContent">
Generating shared content files (en-US, English (United States))...
<plugIn name="Lightweight Website Style" behavior="After" priority="1000">
</plugIn>    Last step completed in 00:00:00.0102
</buildStep>
<buildStep step="GenerateApiFilter">
Generating API filter for MRefBuilder...
    Last step completed in 00:00:00.0088
</buildStep>
<buildStep step="GenerateReflectionInfo">
Generating reflection information...
[C:\Windows\Microsoft.NET\Framework64\v4.0.30319\MSBuild.exe - GenerateRefInfo.proj]
Build started 06/09/2015 12:38:38.
Project &quot;C:\wip\AccidentalFish.ApplicationSupport\Help\Working\GenerateRefInfo.proj&quot; on node 1 (default targets).
PrepareForBuild:
  Creating directory &quot;obj\Debug\&quot;.
GenerateRefInfo:
  MRefBuilder (v2015.7.25.0)
  Copyright &#184; 2006-2015, Microsoft Corporation, All Rights Reserved.
  Portions Copyright &#184; 2006-2015, Eric Woodruff, All Rights Reserved.
  Loaded 1 assemblies for reflection and 1 dependency assemblies.
  Wrote information on 17 namespaces, 74 types, and 320 members
  Copying file from &quot;reflection.org&quot; to &quot;reflection.all&quot;.
  XslTransform (v2015.7.25.0)
  Copyright &#184; 2006-2015, Microsoft Corporation, All Rights Reserved.
  Portions Copyright &#184; 2006-2015, Eric Woodruff, All Rights Reserved.
  Applying XSL transformation &#39;C:\Program Files (x86)\EWSoftware\Sandcastle Help File Builder\ProductionTransforms\MergeDuplicates.xsl&#39;.
Done Building Project &quot;C:\wip\AccidentalFish.ApplicationSupport\Help\Working\GenerateRefInfo.proj&quot; (default targets).

Build succeeded.

Time Elapsed 00:00:01.03
    Last step completed in 00:00:01.2590
</buildStep>
<buildStep step="TransformReflectionInfo">
Transforming reflection output...
[C:\Windows\Microsoft.NET\Framework64\v4.0.30319\MSBuild.exe - TransformManifest.proj]
Build started 06/09/2015 12:38:39.
Project &quot;C:\wip\AccidentalFish.ApplicationSupport\Help\Working\TransformManifest.proj&quot; on node 1 (default targets).
TransformManifest:
  XslTransform (v2015.7.25.0)
  Copyright &#184; 2006-2015, Microsoft Corporation, All Rights Reserved.
  Portions Copyright &#184; 2006-2015, Eric Woodruff, All Rights Reserved.
  Applying XSL transformation &#39;C:\Program Files (x86)\EWSoftware\Sandcastle Help File Builder\\ProductionTransforms\ApplyVSDocModel.xsl&#39;.
  Copying file from &quot;reflection.xml&quot; to &quot;reflection.nofilenames&quot;.
  XslTransform (v2015.7.25.0)
  Copyright &#184; 2006-2015, Microsoft Corporation, All Rights Reserved.
  Portions Copyright &#184; 2006-2015, Eric Woodruff, All Rights Reserved.
  Applying XSL transformation &#39;C:\Program Files (x86)\EWSoftware\Sandcastle Help File Builder\ProductionTransforms\AddFilenames.xsl&#39;.
    Unique name M_AccidentalFish_ApplicationSupport_Core_Bootstrapper_RegisterDependencies_1 generated for M:AccidentalFish.ApplicationSupport.Core.Bootstrapper.RegisterDependencies(AccidentalFish.ApplicationSupport.DependencyResolver.IDependencyResolver,System.Type,AccidentalFish.ApplicationSupport.Core.Bootstrapper.LoggerTypeEnum,System.String)
    Unique name M_AccidentalFish_ApplicationSupport_Core_BackoffProcesses_BackoffQueueProcessor_1__ctor_1 generated for M:AccidentalFish.ApplicationSupport.Core.BackoffProcesses.BackoffQueueProcessor`1.#ctor(AccidentalFish.ApplicationSupport.Core.Policies.IAsynchronousBackoffPolicy,AccidentalFish.ApplicationSupport.Core.Queues.IAsynchronousQueue{`0},AccidentalFish.ApplicationSupport.Core.Logging.ILogger)
    Unique name M_AccidentalFish_ApplicationSupport_Core_BackoffProcesses_BackoffSubscriptionProcessor_1__ctor_1 generated for M:AccidentalFish.ApplicationSupport.Core.BackoffProcesses.BackoffSubscriptionProcessor`1.#ctor(AccidentalFish.ApplicationSupport.Core.Policies.IAsynchronousBackoffPolicy,AccidentalFish.ApplicationSupport.Core.Queues.IAsynchronousSubscription{`0},AccidentalFish.ApplicationSupport.Core.Logging.ILogger)
    Unique name M_AccidentalFish_ApplicationSupport_Core_Blobs_IAsynchronousBlockBlobRepository_Upload_1 generated for M:AccidentalFish.ApplicationSupport.Core.Blobs.IAsynchronousBlockBlobRepository.Upload(System.String,System.IO.Stream,System.Action{System.String},System.Action{System.String,System.Exception})
    Unique name M_AccidentalFish_ApplicationSupport_Core_Blobs_IBlob_DownloadString_1 generated for M:AccidentalFish.ApplicationSupport.Core.Blobs.IBlob.DownloadString(System.Text.Encoding)
    Unique name M_AccidentalFish_ApplicationSupport_Core_Blobs_IBlob_DownloadStringAsync_1 generated for M:AccidentalFish.ApplicationSupport.Core.Blobs.IBlob.DownloadStringAsync(System.Text.Encoding)
    Unique name M_AccidentalFish_ApplicationSupport_Core_Blobs_IBlobRepositoryFactory_CreateAsynchronousBlockBlobRepository_1 generated for M:AccidentalFish.ApplicationSupport.Core.Blobs.IBlobRepositoryFactory.CreateAsynchronousBlockBlobRepository(System.String,System.String)
    Unique name M_AccidentalFish_ApplicationSupport_Core_Components_ComponentIdentity__ctor_1 generated for M:AccidentalFish.ApplicationSupport.Core.Components.ComponentIdentity.#ctor(System.Type)
    Unique name M_AccidentalFish_ApplicationSupport_Core_Components_IApplicationResourceFactory_GetAsyncBlockBlobRepository_1 generated for M:AccidentalFish.ApplicationSupport.Core.Components.IApplicationResourceFactory.GetAsyncBlockBlobRepository(System.String,AccidentalFish.ApplicationSupport.Core.Components.IComponentIdentity)
    Unique name M_AccidentalFish_ApplicationSupport_Core_Components_IApplicationResourceFactory_GetAsyncQueue__1_1 generated for M:AccidentalFish.ApplicationSupport.Core.Components.IApplicationResourceFactory.GetAsyncQueue``1(System.String,AccidentalFish.ApplicationSupport.Core.Components.IComponentIdentity)
    Unique name M_AccidentalFish_ApplicationSupport_Core_Components_IApplicationResourceFactory_GetAsyncSubscription__1_1 generated for M:AccidentalFish.ApplicationSupport.Core.Components.IApplicationResourceFactory.GetAsyncSubscription``1(System.String,AccidentalFish.ApplicationSupport.Core.Components.IComponentIdentity)
    Unique name M_AccidentalFish_ApplicationSupport_Core_Components_IApplicationResourceFactory_GetAsyncSubscription__1_2 generated for M:AccidentalFish.ApplicationSupport.Core.Components.IApplicationResourceFactory.GetAsyncSubscription``1(System.String,System.String,AccidentalFish.ApplicationSupport.Core.Components.IComponentIdentity)
    Unique name M_AccidentalFish_ApplicationSupport_Core_Components_IApplicationResourceFactory_GetAsyncTopic__1_1 generated for M:AccidentalFish.ApplicationSupport.Core.Components.IApplicationResourceFactory.GetAsyncTopic``1(System.String,AccidentalFish.ApplicationSupport.Core.Components.IComponentIdentity)
    Unique name M_AccidentalFish_ApplicationSupport_Core_Components_IApplicationResourceFactory_GetLeaseManager__1_1 generated for M:AccidentalFish.ApplicationSupport.Core.Components.IApplicationResourceFactory.GetLeaseManager``1(System.String,AccidentalFish.ApplicationSupport.Core.Components.IComponentIdentity)
    Unique name M_AccidentalFish_ApplicationSupport_Core_Components_IApplicationResourceFactory_GetQueue__1_1 generated for M:AccidentalFish.ApplicationSupport.Core.Components.IApplicationResourceFactory.GetQueue``1(System.String,AccidentalFish.ApplicationSupport.Core.Components.IComponentIdentity)
    Unique name M_AccidentalFish_ApplicationSupport_Core_Configuration_ApplicationCorsRule__ctor_1 generated for M:AccidentalFish.ApplicationSupport.Core.Configuration.ApplicationCorsRule.#ctor(System.Xml.Linq.XElement)
    Unique name M_AccidentalFish_ApplicationSupport_Core_Configuration_ApplicationStorageAccount__ctor_1 generated for M:AccidentalFish.ApplicationSupport.Core.Configuration.ApplicationStorageAccount.#ctor(System.Xml.Linq.XElement)
    Unique name M_AccidentalFish_ApplicationSupport_Core_Email_IEmailQueueDispatcher_SendAsync_1 generated for M:AccidentalFish.ApplicationSupport.Core.Email.IEmailQueueDispatcher.SendAsync(System.Collections.Generic.IEnumerable{System.String},System.Collections.Generic.IEnumerable{System.String},System.String,System.String,System.String,System.String)
    Unique name M_AccidentalFish_ApplicationSupport_Core_Email_IEmailQueueDispatcher_SendAsync_2 generated for M:AccidentalFish.ApplicationSupport.Core.Email.IEmailQueueDispatcher.SendAsync(System.String,System.String,System.String,System.String,System.Collections.Generic.Dictionary{System.String,System.String})
    Unique name M_AccidentalFish_ApplicationSupport_Core_Email_IEmailQueueDispatcher_SendAsync_3 generated for M:AccidentalFish.ApplicationSupport.Core.Email.IEmailQueueDispatcher.SendAsync(System.String,System.String,System.String,System.String,System.String,System.String)
    Unique name M_AccidentalFish_ApplicationSupport_Core_Logging_ILogger_DebugAsync_1 generated for M:AccidentalFish.ApplicationSupport.Core.Logging.ILogger.DebugAsync(System.String,System.Exception)
    Unique name M_AccidentalFish_ApplicationSupport_Core_Logging_ILogger_Error_1 generated for M:AccidentalFish.ApplicationSupport.Core.Logging.ILogger.Error(System.String,System.Exception)
    Unique name M_AccidentalFish_ApplicationSupport_Core_Logging_ILogger_Information_1 generated for M:AccidentalFish.ApplicationSupport.Core.Logging.ILogger.Information(System.String,System.Exception)
    Unique name M_AccidentalFish_ApplicationSupport_Core_Logging_ILogger_Log_1 generated for M:AccidentalFish.ApplicationSupport.Core.Logging.ILogger.Log(AccidentalFish.ApplicationSupport.Core.Logging.LogLevelEnum,System.String,System.Exception)
    Unique name M_AccidentalFish_ApplicationSupport_Core_Logging_ILogger_Warning_1 generated for M:AccidentalFish.ApplicationSupport.Core.Logging.ILogger.Warning(System.String,System.Exception)
    Unique name M_AccidentalFish_ApplicationSupport_Core_Logging_ILoggerFactory_CreateLongLivedLogger_1 generated for M:AccidentalFish.ApplicationSupport.Core.Logging.ILoggerFactory.CreateLongLivedLogger(AccidentalFish.ApplicationSupport.Core.Queues.IAsynchronousQueue{AccidentalFish.ApplicationSupport.Core.Logging.Model.LogQueueItem},AccidentalFish.ApplicationSupport.Core.Naming.IFullyQualifiedName,AccidentalFish.ApplicationSupport.Core.Logging.LogLevelEnum)
    Unique name M_AccidentalFish_ApplicationSupport_Core_Logging_ILoggerFactory_CreateShortLivedLogger_1 generated for M:AccidentalFish.ApplicationSupport.Core.Logging.ILoggerFactory.CreateShortLivedLogger(AccidentalFish.ApplicationSupport.Core.Queues.IAsynchronousQueue{AccidentalFish.ApplicationSupport.Core.Logging.Model.LogQueueItem},AccidentalFish.ApplicationSupport.Core.Naming.IFullyQualifiedName,AccidentalFish.ApplicationSupport.Core.Logging.LogLevelEnum)
    Unique name M_AccidentalFish_ApplicationSupport_Core_Mappers_AbstractBidirectionalMapper_2_Map_1 generated for M:AccidentalFish.ApplicationSupport.Core.Mappers.AbstractBidirectionalMapper`2.Map(`1)
    Unique name M_AccidentalFish_ApplicationSupport_Core_Mappers_AbstractMapper_2_Map_1 generated for M:AccidentalFish.ApplicationSupport.Core.Mappers.AbstractMapper`2.Map(`0)
    Unique name M_AccidentalFish_ApplicationSupport_Core_Mappers_AbstractMapperWithContext_3_Map_1 generated for M:AccidentalFish.ApplicationSupport.Core.Mappers.AbstractMapperWithContext`3.Map(System.Collections.Generic.IEnumerable{`1},`2)
    Unique name M_AccidentalFish_ApplicationSupport_Core_Mappers_AbstractMapperWithContext_3_Map_2 generated for M:AccidentalFish.ApplicationSupport.Core.Mappers.AbstractMapperWithContext`3.Map(`0,`2)
    Unique name M_AccidentalFish_ApplicationSupport_Core_Mappers_AbstractMapperWithContext_3_Map_3 generated for M:AccidentalFish.ApplicationSupport.Core.Mappers.AbstractMapperWithContext`3.Map(`1,`2)
    Unique name M_AccidentalFish_ApplicationSupport_Core_Mappers_IBidirectionalMapper_2_Map_1 generated for M:AccidentalFish.ApplicationSupport.Core.Mappers.IBidirectionalMapper`2.Map(`1)
    Unique name M_AccidentalFish_ApplicationSupport_Core_Mappers_IMapper_2_Map_1 generated for M:AccidentalFish.ApplicationSupport.Core.Mappers.IMapper`2.Map(`0)
    Unique name M_AccidentalFish_ApplicationSupport_Core_Mappers_IMapperWithContext_3_Map_1 generated for M:AccidentalFish.ApplicationSupport.Core.Mappers.IMapperWithContext`3.Map(System.Collections.Generic.IEnumerable{`1},`2)
    Unique name M_AccidentalFish_ApplicationSupport_Core_Mappers_IMapperWithContext_3_Map_2 generated for M:AccidentalFish.ApplicationSupport.Core.Mappers.IMapperWithContext`3.Map(`0,`2)
    Unique name M_AccidentalFish_ApplicationSupport_Core_Mappers_IMapperWithContext_3_Map_3 generated for M:AccidentalFish.ApplicationSupport.Core.Mappers.IMapperWithContext`3.Map(`1,`2)
    Unique name M_AccidentalFish_ApplicationSupport_Core_Naming_FullyQualifiedNameBase__ctor_1 generated for M:AccidentalFish.ApplicationSupport.Core.Naming.FullyQualifiedNameBase.#ctor(System.Type)
    Unique name M_AccidentalFish_ApplicationSupport_Core_Naming_FullyQualifiedNameBase_Equals_1 generated for M:AccidentalFish.ApplicationSupport.Core.Naming.FullyQualifiedNameBase.Equals(System.Object)
    Unique name M_AccidentalFish_ApplicationSupport_Core_Policies_IAsynchronousBackoffPolicy_ExecuteAsync_1 generated for M:AccidentalFish.ApplicationSupport.Core.Policies.IAsynchronousBackoffPolicy.ExecuteAsync(System.Func{System.Threading.Tasks.Task{System.Boolean}},System.Threading.CancellationToken)
    Unique name M_AccidentalFish_ApplicationSupport_Core_Policies_IBackoffPolicy_Execute_1 generated for M:AccidentalFish.ApplicationSupport.Core.Policies.IBackoffPolicy.Execute(System.Func{System.Boolean},System.Threading.CancellationToken)
    Unique name M_AccidentalFish_ApplicationSupport_Core_Policies_ILeasedRetry_RetryAsync__1_1 generated for M:AccidentalFish.ApplicationSupport.Core.Policies.ILeasedRetry.RetryAsync``1(AccidentalFish.ApplicationSupport.Core.Policies.ILeaseManager{``0},``0,System.Func{System.Threading.Tasks.Task})
    Unique name M_AccidentalFish_ApplicationSupport_Core_Policies_ILeasedRetry_RetryAsync__1_2 generated for M:AccidentalFish.ApplicationSupport.Core.Policies.ILeasedRetry.RetryAsync``1(AccidentalFish.ApplicationSupport.Core.Policies.ILeaseManager{``0},``0,System.TimeSpan,System.Boolean,System.Func{System.Threading.Tasks.Task})
    Unique name M_AccidentalFish_ApplicationSupport_Core_Policies_ILeasedRetry_RetryAsync__1_3 generated for M:AccidentalFish.ApplicationSupport.Core.Policies.ILeasedRetry.RetryAsync``1(AccidentalFish.ApplicationSupport.Core.Policies.ILeaseManager{``0},``0,System.TimeSpan,System.Func{System.Threading.Tasks.Task})
    Unique name M_AccidentalFish_ApplicationSupport_Core_Policies_ILeasedRetry_RetryAsync__1_4 generated for M:AccidentalFish.ApplicationSupport.Core.Policies.ILeasedRetry.RetryAsync``1(AccidentalFish.ApplicationSupport.Core.Policies.ILeaseManager{``0},``0,System.TimeSpan,System.Int32,System.Boolean,System.Func{System.Threading.Tasks.Task})
    Unique name M_AccidentalFish_ApplicationSupport_Core_Policies_ILeasedRetry_RetryAsync__1_5 generated for M:AccidentalFish.ApplicationSupport.Core.Policies.ILeasedRetry.RetryAsync``1(AccidentalFish.ApplicationSupport.Core.Policies.ILeaseManager{``0},``0,System.TimeSpan,System.Int32,System.Func{System.Threading.Tasks.Task})
    Unique name M_AccidentalFish_ApplicationSupport_Core_Policies_ILeaseManager_1_LeaseAsync_1 generated for M:AccidentalFish.ApplicationSupport.Core.Policies.ILeaseManager`1.LeaseAsync(`0,System.TimeSpan)
    Unique name M_AccidentalFish_ApplicationSupport_Core_Queues_IAsynchronousQueue_1_EnqueueAsync_1 generated for M:AccidentalFish.ApplicationSupport.Core.Queues.IAsynchronousQueue`1.EnqueueAsync(`0,System.TimeSpan)
    Unique name M_AccidentalFish_ApplicationSupport_Core_Queues_IAsynchronousQueue_1_ExtendLeaseAsync_1 generated for M:AccidentalFish.ApplicationSupport.Core.Queues.IAsynchronousQueue`1.ExtendLeaseAsync(AccidentalFish.ApplicationSupport.Core.Queues.IQueueItem{`0},System.TimeSpan)
    Unique name M_AccidentalFish_ApplicationSupport_Core_Queues_IQueue_1_Dequeue_1 generated for M:AccidentalFish.ApplicationSupport.Core.Queues.IQueue`1.Dequeue(System.Func{AccidentalFish.ApplicationSupport.Core.Queues.IQueueItem{`0},System.Boolean},System.Action{System.Exception})
    Unique name M_AccidentalFish_ApplicationSupport_Core_Queues_IQueue_1_ExtendLease_1 generated for M:AccidentalFish.ApplicationSupport.Core.Queues.IQueue`1.ExtendLease(AccidentalFish.ApplicationSupport.Core.Queues.IQueueItem{`0},System.TimeSpan)
    Unique name M_AccidentalFish_ApplicationSupport_Core_Queues_IQueueFactory_CreateAsynchronousQueue__1_1 generated for M:AccidentalFish.ApplicationSupport.Core.Queues.IQueueFactory.CreateAsynchronousQueue``1(System.String,System.String)
    Unique name M_AccidentalFish_ApplicationSupport_Core_Queues_IQueueFactory_CreateAsynchronousSubscription__1_1 generated for M:AccidentalFish.ApplicationSupport.Core.Queues.IQueueFactory.CreateAsynchronousSubscription``1(System.String,System.String,System.String)
    Unique name M_AccidentalFish_ApplicationSupport_Core_Queues_IQueueFactory_CreateAsynchronousSubscriptionWithConfiguration__1_1 generated for M:AccidentalFish.ApplicationSupport.Core.Queues.IQueueFactory.CreateAsynchronousSubscriptionWithConfiguration``1(System.String,System.String)
    Unique name M_AccidentalFish_ApplicationSupport_Core_Queues_IQueueFactory_CreateAsynchronousTopic__1_1 generated for M:AccidentalFish.ApplicationSupport.Core.Queues.IQueueFactory.CreateAsynchronousTopic``1(System.String,System.String)
    Unique name M_AccidentalFish_ApplicationSupport_Core_Queues_IQueueFactory_CreateQueue__1_1 generated for M:AccidentalFish.ApplicationSupport.Core.Queues.IQueueFactory.CreateQueue``1(System.String,System.String)
    Unique name M_AccidentalFish_ApplicationSupport_Core_Repository_IRepository_1_Delete_1 generated for M:AccidentalFish.ApplicationSupport.Core.Repository.IRepository`1.Delete(`0)
    Unique name M_AccidentalFish_ApplicationSupport_Core_Repository_IUnitOfWorkAsync_OptimisticRepositoryWinsUpdateAsync_1 generated for M:AccidentalFish.ApplicationSupport.Core.Repository.IUnitOfWorkAsync.OptimisticRepositoryWinsUpdateAsync(System.Action,System.Int32)
  XslTransform (v2015.7.25.0)
  Copyright &#184; 2006-2015, Microsoft Corporation, All Rights Reserved.
  Portions Copyright &#184; 2006-2015, Eric Woodruff, All Rights Reserved.
  Applying XSL transformation &#39;C:\Program Files (x86)\EWSoftware\Sandcastle Help File Builder\ProductionTransforms\ReflectionToManifest.xsl&#39;.
Done Building Project &quot;C:\wip\AccidentalFish.ApplicationSupport\Help\Working\TransformManifest.proj&quot; (default targets).

Build succeeded.

Time Elapsed 00:00:01.03
    Last step completed in 00:00:01.2361
</buildStep>
<buildStep step="GenerateNamespaceSummaries">
Generating namespace summary information...
    Last step completed in 00:00:00.0560
</buildStep>
<buildStep step="CopyAdditionalContent">
Copying additional content files...
No additional content to copy
    Last step completed in 00:00:00.0010
</buildStep>
<buildStep step="MergeTablesOfContents">
Merging conceptual and additional tables of contents...
    Last step completed in 00:00:00.0000
</buildStep>
<buildStep step="GenerateIntermediateTableOfContents">
Generating intermediate table of contents file...
[C:\Windows\Microsoft.NET\Framework64\v4.0.30319\MSBuild.exe - GenerateIntermediateTOC.proj]
Build started 06/09/2015 12:38:40.
Project &quot;C:\wip\AccidentalFish.ApplicationSupport\Help\Working\GenerateIntermediateTOC.proj&quot; on node 1 (default targets).
GenerateIntermediateTOC:
  XslTransform (v2015.7.25.0)
  Copyright &#184; 2006-2015, Microsoft Corporation, All Rights Reserved.
  Portions Copyright &#184; 2006-2015, Eric Woodruff, All Rights Reserved.
  Applying XSL transformation &#39;C:\Program Files (x86)\EWSoftware\Sandcastle Help File Builder\\ProductionTransforms\CreateVSToc.xsl&#39;.
Done Building Project &quot;C:\wip\AccidentalFish.ApplicationSupport\Help\Working\GenerateIntermediateTOC.proj&quot; (default targets).

Build succeeded.

Time Elapsed 00:00:00.15
Generating conceptual content intermediate TOC file...
    Last step completed in 00:00:00.3246
</buildStep>
<buildStep step="CreateBuildAssemblerConfigs">
Creating Sandcastle configuration files...
    sandcastle.config
    Last step completed in 00:00:00.2280
</buildStep>
<buildStep step="MergeCustomConfigs">
Merging custom build component configurations
C:\wip\AccidentalFish.ApplicationSupport\Help\Working\sandcastle.config
    Last step completed in 00:00:00.0090
</buildStep>
<buildStep step="BuildReferenceTopics">
Building reference help topics...
[C:\Windows\Microsoft.NET\Framework64\v4.0.30319\MSBuild.exe - BuildReferenceTopics.proj]
Build started 06/09/2015 12:38:41.
Project &quot;C:\wip\AccidentalFish.ApplicationSupport\Help\Working\BuildReferenceTopics.proj&quot; on node 1 (default targets).
BuildReferenceTopics:
  BuildAssembler (v2015.7.25.0)
  Copyright &#184; 2006-2015, Microsoft Corporation, All Rights Reserved.
  Portions Copyright &#184; 2006-2015, Eric Woodruff, All Rights Reserved.
  Loading configuration...
  Processing topics...
BuildAssembler : warning : ResolveReferenceLinksComponent: [M:AccidentalFish.ApplicationSupport.Core.Bootstrapper.RegisterDependencies(AccidentalFish.ApplicationSupport.DependencyResolver.IDependencyResolver)] Unknown reference link target &#39;T:AccidentalFish.ApplicationSupport.DependencyResolver.IDependencyResolver&#39;. [C:\wip\AccidentalFish.ApplicationSupport\Help\Working\BuildReferenceTopics.proj]
BuildAssembler : warning : ResolveReferenceLinksComponent: [M:AccidentalFish.ApplicationSupport.Core.Bootstrapper.RegisterDependencies(AccidentalFish.ApplicationSupport.DependencyResolver.IDependencyResolver,System.Type,AccidentalFish.ApplicationSupport.Core.Bootstrapper.LoggerTypeEnum,System.String)] Unknown reference link target &#39;T:AccidentalFish.ApplicationSupport.DependencyResolver.IDependencyResolver&#39;. [C:\wip\AccidentalFish.ApplicationSupport\Help\Working\BuildReferenceTopics.proj]
BuildAssembler : warning : ShowMissingComponent: [M:AccidentalFish.ApplicationSupport.Core.Bootstrapper.UseCore(AccidentalFish.ApplicationSupport.DependencyResolver.IDependencyResolver,System.Type,AccidentalFish.ApplicationSupport.Core.Bootstrapper.LoggerTypeEnum,System.String)] Missing &lt;returns&gt; documentation [C:\wip\AccidentalFish.ApplicationSupport\Help\Working\BuildReferenceTopics.proj]
BuildAssembler : warning : ResolveReferenceLinksComponent: [M:AccidentalFish.ApplicationSupport.Core.Bootstrapper.UseCore(AccidentalFish.ApplicationSupport.DependencyResolver.IDependencyResolver,System.Type,AccidentalFish.ApplicationSupport.Core.Bootstrapper.LoggerTypeEnum,System.String)] Unknown reference link target &#39;T:AccidentalFish.ApplicationSupport.DependencyResolver.IDependencyResolver&#39;. [C:\wip\AccidentalFish.ApplicationSupport\Help\Working\BuildReferenceTopics.proj]
BuildAssembler : warning : ResolveReferenceLinksComponent: [M:AccidentalFish.ApplicationSupport.Core.Bootstrapper.UseCore(AccidentalFish.ApplicationSupport.DependencyResolver.IDependencyResolver,System.Type,AccidentalFish.ApplicationSupport.Core.Bootstrapper.LoggerTypeEnum,System.String)] Unknown reference link target &#39;T:AccidentalFish.ApplicationSupport.DependencyResolver.IDependencyResolver&#39;. [C:\wip\AccidentalFish.ApplicationSupport\Help\Working\BuildReferenceTopics.proj]
BuildAssembler : warning : ResolveReferenceLinksComponent: [M:AccidentalFish.ApplicationSupport.Core.Bootstrapper.UseCore(AccidentalFish.ApplicationSupport.DependencyResolver.IDependencyResolver,System.Type,AccidentalFish.ApplicationSupport.Core.Bootstrapper.LoggerTypeEnum,System.String)] Unknown reference link target &#39;T:AccidentalFish.ApplicationSupport.DependencyResolver.IDependencyResolver&#39;. [C:\wip\AccidentalFish.ApplicationSupport\Help\Working\BuildReferenceTopics.proj]
BuildAssembler : warning : ShowMissingComponent: [M:AccidentalFish.ApplicationSupport.Core.Alerts.IAlertSender.SendAsync(System.String,System.String)] Missing &lt;returns&gt; documentation [C:\wip\AccidentalFish.ApplicationSupport\Help\Working\BuildReferenceTopics.proj]
BuildAssembler : warning : ShowMissingComponent: [M:AccidentalFish.ApplicationSupport.Core.Components.ComponentIdentity.#ctor(System.Type)] Missing &lt;param name=&quot;type&quot;/&gt; documentation [C:\wip\AccidentalFish.ApplicationSupport\Help\Working\BuildReferenceTopics.proj]
BuildAssembler : warning : ShowMissingComponent: [M:AccidentalFish.ApplicationSupport.Core.Components.IHostableComponent.StartAsync(System.Threading.CancellationToken)] Missing &lt;param name=&quot;token&quot;/&gt; documentation [C:\wip\AccidentalFish.ApplicationSupport\Help\Working\BuildReferenceTopics.proj]
BuildAssembler : warning : ShowMissingComponent: [M:AccidentalFish.ApplicationSupport.Core.Configuration.ApplicationConfiguration.FromFile(System.String,AccidentalFish.ApplicationSupport.Core.Configuration.ApplicationConfigurationSettings,System.Boolean)] Missing &lt;returns&gt; documentation [C:\wip\AccidentalFish.ApplicationSupport\Help\Working\BuildReferenceTopics.proj]
BuildAssembler : warning : ShowMissingComponent: [M:AccidentalFish.ApplicationSupport.Core.Configuration.ApplicationCorsRule.#ctor(System.Xml.Linq.XElement)] Missing &lt;param name=&quot;element&quot;/&gt; documentation [C:\wip\AccidentalFish.ApplicationSupport\Help\Working\BuildReferenceTopics.proj]
BuildAssembler : warning : ShowMissingComponent: [M:AccidentalFish.ApplicationSupport.Core.Logging.ILoggerFactory.CreateShortLivedLogger(AccidentalFish.ApplicationSupport.Core.Queues.IAsynchronousQueue{AccidentalFish.ApplicationSupport.Core.Logging.Model.LogQueueItem},AccidentalFish.ApplicationSupport.Core.Naming.IFullyQualifiedName,AccidentalFish.ApplicationSupport.Core.Logging.LogLevelEnum)] Missing &lt;param name=&quot;queue&quot;/&gt; documentation [C:\wip\AccidentalFish.ApplicationSupport\Help\Working\BuildReferenceTopics.proj]
BuildAssembler : warning : ShowMissingComponent: [M:AccidentalFish.ApplicationSupport.Core.Mappers.AbstractBidirectionalMapper`2.Map(System.Collections.Generic.IEnumerable{`1})] Missing &lt;param name=&quot;from&quot;/&gt; documentation [C:\wip\AccidentalFish.ApplicationSupport\Help\Working\BuildReferenceTopics.proj]
BuildAssembler : warning : ShowMissingComponent: [M:AccidentalFish.ApplicationSupport.Core.Mappers.IBidirectionalMapper`2.Map(System.Collections.Generic.IEnumerable{`1})] Missing &lt;param name=&quot;from&quot;/&gt; documentation [C:\wip\AccidentalFish.ApplicationSupport\Help\Working\BuildReferenceTopics.proj]
BuildAssembler : warning : ShowMissingComponent: [M:AccidentalFish.ApplicationSupport.Core.Naming.FullyQualifiedNameBase.Equals(System.Object)] Missing &lt;param name=&quot;obj&quot;/&gt; documentation [C:\wip\AccidentalFish.ApplicationSupport\Help\Working\BuildReferenceTopics.proj]
BuildAssembler : warning : ShowMissingComponent: [M:AccidentalFish.ApplicationSupport.Core.Policies.ILeaseManager`1.RenewAsync(`0,System.String)] Missing &lt;returns&gt; documentation [C:\wip\AccidentalFish.ApplicationSupport\Help\Working\BuildReferenceTopics.proj]
BuildAssembler : warning : ShowMissingComponent: [T:AccidentalFish.ApplicationSupport.Core.Queues.IAsynchronousQueue`1] Missing &lt;typeparam name=&quot;T&quot;/&gt; documentation [C:\wip\AccidentalFish.ApplicationSupport\Help\Working\BuildReferenceTopics.proj]
BuildAssembler : warning : ShowMissingComponent: [M:AccidentalFish.ApplicationSupport.Core.Repository.IRepositoryAsync`1.DeleteAsync(System.Int32)] Missing &lt;returns&gt; documentation [C:\wip\AccidentalFish.ApplicationSupport\Help\Working\BuildReferenceTopics.proj]
BuildAssembler : warning : ShowMissingComponent: [M:AccidentalFish.ApplicationSupport.Core.Repository.IUnitOfWorkFactory.CreateAsync] Missing &lt;returns&gt; documentation [C:\wip\AccidentalFish.ApplicationSupport\Help\Working\BuildReferenceTopics.proj]
BuildAssembler : warning : ShowMissingComponent: [M:AccidentalFish.ApplicationSupport.Core.Runtime.StaticComponentHostConfigurationProvider.GetConfigurationAsync] Missing &lt;returns&gt; documentation [C:\wip\AccidentalFish.ApplicationSupport\Help\Working\BuildReferenceTopics.proj]
  Processed 548 topic(s)
  20 warning(s)
  CopyFromIndexComponent: &quot;reflection&quot; in-memory cache entries used: 12 of 15.
  CopyFromIndexComponent: &quot;comments&quot; in-memory cache entries used: 3 of 30.
Done Building Project &quot;C:\wip\AccidentalFish.ApplicationSupport\Help\Working\BuildReferenceTopics.proj&quot; (default targets).

Build succeeded.

Time Elapsed 00:00:34.02
    Last step completed in 00:00:34.3110
</buildStep>
<buildStep step="CombiningIntermediateTocFiles">
Combining conceptual and API intermediate TOC files...
    Last step completed in 00:00:00.0320
</buildStep>
<buildStep step="ExtractingHtmlInfo">
Extracting HTML info for HTML Help 1 and/or website...
[C:\Windows\Microsoft.NET\Framework64\v4.0.30319\MSBuild.exe - ExtractHtmlInfo.proj]
Sandcastle Help File Builder and Tools, version 2015.7.25.0
Copyright &#184; 2006-2015, Eric Woodruff, All Rights Reserved
E-Mail: Eric@EWoodruff.us

Using LCID &#39;1033&#39;, code page &#39;65001&#39;, encoding charset &#39;UTF-8&#39;.

Processing website files in C:\wip\AccidentalFish.ApplicationSupport\Help\Working\Output\Website
Processed 548 HTML files
Sorting keywords and generating See Also indices
Saving website keyword index to C:\wip\AccidentalFish.ApplicationSupport\Help\Working\WebKI.xml
Saving website table of contents to C:\wip\AccidentalFish.ApplicationSupport\Help\Working\WebTOC.xml
    Last step completed in 00:00:03.7493
</buildStep>
<buildStep step="CopyStandardHelpContent">
Copying standard help content...
C:\Program Files (x86)\EWSoftware\Sandcastle Help File Builder\PresentationStyles\VS2013\icons\AlertCaution.png -&gt; C:\wip\AccidentalFish.ApplicationSupport\Help\Working\Output\Website\icons\AlertCaution.png
C:\Program Files (x86)\EWSoftware\Sandcastle Help File Builder\PresentationStyles\VS2013\icons\AlertNote.png -&gt; C:\wip\AccidentalFish.ApplicationSupport\Help\Working\Output\Website\icons\AlertNote.png
C:\Program Files (x86)\EWSoftware\Sandcastle Help File Builder\PresentationStyles\VS2013\icons\AlertSecurity.png -&gt; C:\wip\AccidentalFish.ApplicationSupport\Help\Working\Output\Website\icons\AlertSecurity.png
C:\Program Files (x86)\EWSoftware\Sandcastle Help File Builder\PresentationStyles\VS2013\icons\CFW.gif -&gt; C:\wip\AccidentalFish.ApplicationSupport\Help\Working\Output\Website\icons\CFW.gif
C:\Program Files (x86)\EWSoftware\Sandcastle Help File Builder\PresentationStyles\VS2013\icons\CodeExample.png -&gt; C:\wip\AccidentalFish.ApplicationSupport\Help\Working\Output\Website\icons\CodeExample.png
C:\Program Files (x86)\EWSoftware\Sandcastle Help File Builder\PresentationStyles\VS2013\icons\favicon.ico -&gt; C:\wip\AccidentalFish.ApplicationSupport\Help\Working\Output\Website\icons\favicon.ico
C:\Program Files (x86)\EWSoftware\Sandcastle Help File Builder\PresentationStyles\VS2013\icons\privclass.gif -&gt; C:\wip\AccidentalFish.ApplicationSupport\Help\Working\Output\Website\icons\privclass.gif
C:\Program Files (x86)\EWSoftware\Sandcastle Help File Builder\PresentationStyles\VS2013\icons\privdelegate.gif -&gt; C:\wip\AccidentalFish.ApplicationSupport\Help\Working\Output\Website\icons\privdelegate.gif
C:\Program Files (x86)\EWSoftware\Sandcastle Help File Builder\PresentationStyles\VS2013\icons\privenumeration.gif -&gt; C:\wip\AccidentalFish.ApplicationSupport\Help\Working\Output\Website\icons\privenumeration.gif
C:\Program Files (x86)\EWSoftware\Sandcastle Help File Builder\PresentationStyles\VS2013\icons\privevent.gif -&gt; C:\wip\AccidentalFish.ApplicationSupport\Help\Working\Output\Website\icons\privevent.gif
C:\Program Files (x86)\EWSoftware\Sandcastle Help File Builder\PresentationStyles\VS2013\icons\privextension.gif -&gt; C:\wip\AccidentalFish.ApplicationSupport\Help\Working\Output\Website\icons\privextension.gif
C:\Program Files (x86)\EWSoftware\Sandcastle Help File Builder\PresentationStyles\VS2013\icons\privfield.gif -&gt; C:\wip\AccidentalFish.ApplicationSupport\Help\Working\Output\Website\icons\privfield.gif
C:\Program Files (x86)\EWSoftware\Sandcastle Help File Builder\PresentationStyles\VS2013\icons\privinterface.gif -&gt; C:\wip\AccidentalFish.ApplicationSupport\Help\Working\Output\Website\icons\privinterface.gif
C:\Program Files (x86)\EWSoftware\Sandcastle Help File Builder\PresentationStyles\VS2013\icons\privmethod.gif -&gt; C:\wip\AccidentalFish.ApplicationSupport\Help\Working\Output\Website\icons\privmethod.gif
C:\Program Files (x86)\EWSoftware\Sandcastle Help File Builder\PresentationStyles\VS2013\icons\privproperty.gif -&gt; C:\wip\AccidentalFish.ApplicationSupport\Help\Working\Output\Website\icons\privproperty.gif
C:\Program Files (x86)\EWSoftware\Sandcastle Help File Builder\PresentationStyles\VS2013\icons\privstructure.gif -&gt; C:\wip\AccidentalFish.ApplicationSupport\Help\Working\Output\Website\icons\privstructure.gif
C:\Program Files (x86)\EWSoftware\Sandcastle Help File Builder\PresentationStyles\VS2013\icons\protclass.gif -&gt; C:\wip\AccidentalFish.ApplicationSupport\Help\Working\Output\Website\icons\protclass.gif
C:\Program Files (x86)\EWSoftware\Sandcastle Help File Builder\PresentationStyles\VS2013\icons\protdelegate.gif -&gt; C:\wip\AccidentalFish.ApplicationSupport\Help\Working\Output\Website\icons\protdelegate.gif
C:\Program Files (x86)\EWSoftware\Sandcastle Help File Builder\PresentationStyles\VS2013\icons\protenumeration.gif -&gt; C:\wip\AccidentalFish.ApplicationSupport\Help\Working\Output\Website\icons\protenumeration.gif
C:\Program Files (x86)\EWSoftware\Sandcastle Help File Builder\PresentationStyles\VS2013\icons\protevent.gif -&gt; C:\wip\AccidentalFish.ApplicationSupport\Help\Working\Output\Website\icons\protevent.gif
C:\Program Files (x86)\EWSoftware\Sandcastle Help File Builder\PresentationStyles\VS2013\icons\protextension.gif -&gt; C:\wip\AccidentalFish.ApplicationSupport\Help\Working\Output\Website\icons\protextension.gif
C:\Program Files (x86)\EWSoftware\Sandcastle Help File Builder\PresentationStyles\VS2013\icons\protfield.gif -&gt; C:\wip\AccidentalFish.ApplicationSupport\Help\Working\Output\Website\icons\protfield.gif
C:\Program Files (x86)\EWSoftware\Sandcastle Help File Builder\PresentationStyles\VS2013\icons\protinterface.gif -&gt; C:\wip\AccidentalFish.ApplicationSupport\Help\Working\Output\Website\icons\protinterface.gif
C:\Program Files (x86)\EWSoftware\Sandcastle Help File Builder\PresentationStyles\VS2013\icons\protmethod.gif -&gt; C:\wip\AccidentalFish.ApplicationSupport\Help\Working\Output\Website\icons\protmethod.gif
C:\Program Files (x86)\EWSoftware\Sandcastle Help File Builder\PresentationStyles\VS2013\icons\protoperator.gif -&gt; C:\wip\AccidentalFish.ApplicationSupport\Help\Working\Output\Website\icons\protoperator.gif
C:\Program Files (x86)\EWSoftware\Sandcastle Help File Builder\PresentationStyles\VS2013\icons\protproperty.gif -&gt; C:\wip\AccidentalFish.ApplicationSupport\Help\Working\Output\Website\icons\protproperty.gif
C:\Program Files (x86)\EWSoftware\Sandcastle Help File Builder\PresentationStyles\VS2013\icons\protstructure.gif -&gt; C:\wip\AccidentalFish.ApplicationSupport\Help\Working\Output\Website\icons\protstructure.gif
C:\Program Files (x86)\EWSoftware\Sandcastle Help File Builder\PresentationStyles\VS2013\icons\pubclass.gif -&gt; C:\wip\AccidentalFish.ApplicationSupport\Help\Working\Output\Website\icons\pubclass.gif
C:\Program Files (x86)\EWSoftware\Sandcastle Help File Builder\PresentationStyles\VS2013\icons\pubdelegate.gif -&gt; C:\wip\AccidentalFish.ApplicationSupport\Help\Working\Output\Website\icons\pubdelegate.gif
C:\Program Files (x86)\EWSoftware\Sandcastle Help File Builder\PresentationStyles\VS2013\icons\pubenumeration.gif -&gt; C:\wip\AccidentalFish.ApplicationSupport\Help\Working\Output\Website\icons\pubenumeration.gif
C:\Program Files (x86)\EWSoftware\Sandcastle Help File Builder\PresentationStyles\VS2013\icons\pubevent.gif -&gt; C:\wip\AccidentalFish.ApplicationSupport\Help\Working\Output\Website\icons\pubevent.gif
C:\Program Files (x86)\EWSoftware\Sandcastle Help File Builder\PresentationStyles\VS2013\icons\pubextension.gif -&gt; C:\wip\AccidentalFish.ApplicationSupport\Help\Working\Output\Website\icons\pubextension.gif
C:\Program Files (x86)\EWSoftware\Sandcastle Help File Builder\PresentationStyles\VS2013\icons\pubfield.gif -&gt; C:\wip\AccidentalFish.ApplicationSupport\Help\Working\Output\Website\icons\pubfield.gif
C:\Program Files (x86)\EWSoftware\Sandcastle Help File Builder\PresentationStyles\VS2013\icons\pubinterface.gif -&gt; C:\wip\AccidentalFish.ApplicationSupport\Help\Working\Output\Website\icons\pubinterface.gif
C:\Program Files (x86)\EWSoftware\Sandcastle Help File Builder\PresentationStyles\VS2013\icons\pubmethod.gif -&gt; C:\wip\AccidentalFish.ApplicationSupport\Help\Working\Output\Website\icons\pubmethod.gif
C:\Program Files (x86)\EWSoftware\Sandcastle Help File Builder\PresentationStyles\VS2013\icons\puboperator.gif -&gt; C:\wip\AccidentalFish.ApplicationSupport\Help\Working\Output\Website\icons\puboperator.gif
C:\Program Files (x86)\EWSoftware\Sandcastle Help File Builder\PresentationStyles\VS2013\icons\pubproperty.gif -&gt; C:\wip\AccidentalFish.ApplicationSupport\Help\Working\Output\Website\icons\pubproperty.gif
C:\Program Files (x86)\EWSoftware\Sandcastle Help File Builder\PresentationStyles\VS2013\icons\pubstructure.gif -&gt; C:\wip\AccidentalFish.ApplicationSupport\Help\Working\Output\Website\icons\pubstructure.gif
C:\Program Files (x86)\EWSoftware\Sandcastle Help File Builder\PresentationStyles\VS2013\icons\SectionCollapsed.png -&gt; C:\wip\AccidentalFish.ApplicationSupport\Help\Working\Output\Website\icons\SectionCollapsed.png
C:\Program Files (x86)\EWSoftware\Sandcastle Help File Builder\PresentationStyles\VS2013\icons\SectionExpanded.png -&gt; C:\wip\AccidentalFish.ApplicationSupport\Help\Working\Output\Website\icons\SectionExpanded.png
C:\Program Files (x86)\EWSoftware\Sandcastle Help File Builder\PresentationStyles\VS2013\icons\slMobile.gif -&gt; C:\wip\AccidentalFish.ApplicationSupport\Help\Working\Output\Website\icons\slMobile.gif
C:\Program Files (x86)\EWSoftware\Sandcastle Help File Builder\PresentationStyles\VS2013\icons\static.gif -&gt; C:\wip\AccidentalFish.ApplicationSupport\Help\Working\Output\Website\icons\static.gif
C:\Program Files (x86)\EWSoftware\Sandcastle Help File Builder\PresentationStyles\VS2013\icons\xna.gif -&gt; C:\wip\AccidentalFish.ApplicationSupport\Help\Working\Output\Website\icons\xna.gif
C:\Program Files (x86)\EWSoftware\Sandcastle Help File Builder\PresentationStyles\VS2013\scripts\branding.js -&gt; C:\wip\AccidentalFish.ApplicationSupport\Help\Working\Output\Website\scripts\branding.js
C:\Program Files (x86)\EWSoftware\Sandcastle Help File Builder\PresentationStyles\VS2013\styles\branding-cs-CZ.css -&gt; C:\wip\AccidentalFish.ApplicationSupport\Help\Working\Output\Website\styles\branding-cs-CZ.css
C:\Program Files (x86)\EWSoftware\Sandcastle Help File Builder\PresentationStyles\VS2013\styles\branding-de-DE.css -&gt; C:\wip\AccidentalFish.ApplicationSupport\Help\Working\Output\Website\styles\branding-de-DE.css
C:\Program Files (x86)\EWSoftware\Sandcastle Help File Builder\PresentationStyles\VS2013\styles\branding-en-US.css -&gt; C:\wip\AccidentalFish.ApplicationSupport\Help\Working\Output\Website\styles\branding-en-US.css
C:\Program Files (x86)\EWSoftware\Sandcastle Help File Builder\PresentationStyles\VS2013\styles\branding-es-ES.css -&gt; C:\wip\AccidentalFish.ApplicationSupport\Help\Working\Output\Website\styles\branding-es-ES.css
C:\Program Files (x86)\EWSoftware\Sandcastle Help File Builder\PresentationStyles\VS2013\styles\branding-fr-FR.css -&gt; C:\wip\AccidentalFish.ApplicationSupport\Help\Working\Output\Website\styles\branding-fr-FR.css
C:\Program Files (x86)\EWSoftware\Sandcastle Help File Builder\PresentationStyles\VS2013\styles\branding-Help1.css -&gt; C:\wip\AccidentalFish.ApplicationSupport\Help\Working\Output\Website\styles\branding-Help1.css
C:\Program Files (x86)\EWSoftware\Sandcastle Help File Builder\PresentationStyles\VS2013\styles\branding-HelpViewer.css -&gt; C:\wip\AccidentalFish.ApplicationSupport\Help\Working\Output\Website\styles\branding-HelpViewer.css
C:\Program Files (x86)\EWSoftware\Sandcastle Help File Builder\PresentationStyles\VS2013\styles\branding-it-IT.css -&gt; C:\wip\AccidentalFish.ApplicationSupport\Help\Working\Output\Website\styles\branding-it-IT.css
C:\Program Files (x86)\EWSoftware\Sandcastle Help File Builder\PresentationStyles\VS2013\styles\branding-ja-JP.css -&gt; C:\wip\AccidentalFish.ApplicationSupport\Help\Working\Output\Website\styles\branding-ja-JP.css
C:\Program Files (x86)\EWSoftware\Sandcastle Help File Builder\PresentationStyles\VS2013\styles\branding-ko-KR.css -&gt; C:\wip\AccidentalFish.ApplicationSupport\Help\Working\Output\Website\styles\branding-ko-KR.css
C:\Program Files (x86)\EWSoftware\Sandcastle Help File Builder\PresentationStyles\VS2013\styles\branding-pl-PL.css -&gt; C:\wip\AccidentalFish.ApplicationSupport\Help\Working\Output\Website\styles\branding-pl-PL.css
C:\Program Files (x86)\EWSoftware\Sandcastle Help File Builder\PresentationStyles\VS2013\styles\branding-pt-BR.css -&gt; C:\wip\AccidentalFish.ApplicationSupport\Help\Working\Output\Website\styles\branding-pt-BR.css
C:\Program Files (x86)\EWSoftware\Sandcastle Help File Builder\PresentationStyles\VS2013\styles\branding-ru-RU.css -&gt; C:\wip\AccidentalFish.ApplicationSupport\Help\Working\Output\Website\styles\branding-ru-RU.css
C:\Program Files (x86)\EWSoftware\Sandcastle Help File Builder\PresentationStyles\VS2013\styles\branding-tr-TR.css -&gt; C:\wip\AccidentalFish.ApplicationSupport\Help\Working\Output\Website\styles\branding-tr-TR.css
C:\Program Files (x86)\EWSoftware\Sandcastle Help File Builder\PresentationStyles\VS2013\styles\branding-Website.css -&gt; C:\wip\AccidentalFish.ApplicationSupport\Help\Working\Output\Website\styles\branding-Website.css
C:\Program Files (x86)\EWSoftware\Sandcastle Help File Builder\PresentationStyles\VS2013\styles\branding-zh-CN.css -&gt; C:\wip\AccidentalFish.ApplicationSupport\Help\Working\Output\Website\styles\branding-zh-CN.css
C:\Program Files (x86)\EWSoftware\Sandcastle Help File Builder\PresentationStyles\VS2013\styles\branding-zh-TW.css -&gt; C:\wip\AccidentalFish.ApplicationSupport\Help\Working\Output\Website\styles\branding-zh-TW.css
C:\Program Files (x86)\EWSoftware\Sandcastle Help File Builder\PresentationStyles\VS2013\styles\branding.css -&gt; C:\wip\AccidentalFish.ApplicationSupport\Help\Working\Output\Website\styles\branding.css
C:\Program Files (x86)\EWSoftware\Sandcastle Help File Builder\PresentationStyles\VS2013\Web\index.html -&gt; C:\wip\AccidentalFish.ApplicationSupport\Help\Working\Output\Website\index.html
C:\Program Files (x86)\EWSoftware\Sandcastle Help File Builder\PresentationStyles\VS2013\Web\search.html -&gt; C:\wip\AccidentalFish.ApplicationSupport\Help\Working\Output\Website\search.html
C:\Program Files (x86)\EWSoftware\Sandcastle Help File Builder\PresentationStyles\VS2013\Web\SearchHelp.aspx -&gt; C:\wip\AccidentalFish.ApplicationSupport\Help\Working\Output\Website\SearchHelp.aspx
C:\Program Files (x86)\EWSoftware\Sandcastle Help File Builder\PresentationStyles\VS2013\Web\SearchHelp.inc.php -&gt; C:\wip\AccidentalFish.ApplicationSupport\Help\Working\Output\Website\SearchHelp.inc.php
C:\Program Files (x86)\EWSoftware\Sandcastle Help File Builder\PresentationStyles\VS2013\Web\SearchHelp.php -&gt; C:\wip\AccidentalFish.ApplicationSupport\Help\Working\Output\Website\SearchHelp.php
C:\Program Files (x86)\EWSoftware\Sandcastle Help File Builder\PresentationStyles\VS2013\Web\Web.Config -&gt; C:\wip\AccidentalFish.ApplicationSupport\Help\Working\Output\Website\Web.Config
C:\Program Files (x86)\EWSoftware\Sandcastle Help File Builder\PresentationStyles\VS2013\Web\icons\Search.png -&gt; C:\wip\AccidentalFish.ApplicationSupport\Help\Working\Output\Website\icons\Search.png
C:\Program Files (x86)\EWSoftware\Sandcastle Help File Builder\PresentationStyles\VS2013\Web\icons\TocClose.gif -&gt; C:\wip\AccidentalFish.ApplicationSupport\Help\Working\Output\Website\icons\TocClose.gif
C:\Program Files (x86)\EWSoftware\Sandcastle Help File Builder\PresentationStyles\VS2013\Web\icons\TocCollapsed.gif -&gt; C:\wip\AccidentalFish.ApplicationSupport\Help\Working\Output\Website\icons\TocCollapsed.gif
C:\Program Files (x86)\EWSoftware\Sandcastle Help File Builder\PresentationStyles\VS2013\Web\icons\TocExpanded.gif -&gt; C:\wip\AccidentalFish.ApplicationSupport\Help\Working\Output\Website\icons\TocExpanded.gif
C:\Program Files (x86)\EWSoftware\Sandcastle Help File Builder\PresentationStyles\VS2013\Web\icons\TocOpen.gif -&gt; C:\wip\AccidentalFish.ApplicationSupport\Help\Working\Output\Website\icons\TocOpen.gif
C:\Program Files (x86)\EWSoftware\Sandcastle Help File Builder\PresentationStyles\VS2013\Web\scripts\branding-Website.js -&gt; C:\wip\AccidentalFish.ApplicationSupport\Help\Working\Output\Website\scripts\branding-Website.js
C:\Program Files (x86)\EWSoftware\Sandcastle Help File Builder\PresentationStyles\VS2013\Web\scripts\jquery-1.11.0.min.js -&gt; C:\wip\AccidentalFish.ApplicationSupport\Help\Working\Output\Website\scripts\jquery-1.11.0.min.js
    Last step completed in 00:00:00.4275
</buildStep>
<buildStep step="GenerateHelpFormatTableOfContents">
Generating website table of contents file...
    Last step completed in 00:00:00.0000
</buildStep>
<buildStep step="GenerateFullTextIndex">
Generating full-text index for the website...

<plugIn name="Lightweight Website Style" behavior="After" priority="1000">
Adding lightweight search and TOC elements to each topic...
</plugIn>    Last step completed in 00:00:07.4965
</buildStep>
<buildStep step="CopyingWebsiteFiles">
Copying website files to output folder...

Copied 500 files
Copied 860 files for the website content
    Last step completed in 00:00:04.6981
</buildStep>
<buildStep step="CleanIntermediates">
Removing intermediate files...
    Last step completed in 00:00:01.3735
</buildStep>
<buildStep step="Completed">

Build completed successfully at 06/09/2015 12:39:33.  Total time: 00:01:07.1947

</buildStep>
</shfbBuild>
