<?xml version="1.0" encoding="utf-8"?>
<shfbBuild product="Sandcastle Help File Builder and Tools" version="2015.7.25.0" projectFile="C:\wip\AccidentalFish.ApplicationSupport.Owin\AccidentalFish.ApplicationSupport.Owin.shfbproj" started="22/08/2015 10:14:04">
<buildStep step="Initializing">
Finding tools...
The Sandcastle tools are located in &#39;C:\Program Files (x86)\EWSoftware\Sandcastle Help File Builder\&#39;
Locating components in the following folder(s):
    C:\wip\AccidentalFish.ApplicationSupport.Owin
    C:\ProgramData\EWSoftware\Sandcastle Help File Builder\Components and Plug-Ins\
    C:\Program Files (x86)\EWSoftware\Sandcastle Help File Builder\
Framework reflection data location: C:\Program Files (x86)\EWSoftware\Sandcastle Help File Builder\Data\.NETFramework
Using presentation style &#39;VS2013&#39; located in &#39;C:\Program Files (x86)\EWSoftware\Sandcastle Help File Builder\PresentationStyles\VS2013&#39;
Loading and initializing plug-ins...
Lightweight Website Style Version 2015.7.25.0
Copyright &#169; 2006-2015, Eric Woodruff, All Rights Reserved
Portions Copyright &#169; 2014, Sam Harwell, All Rights Reserved
-------------------------------
Clearing any prior web/markdown output...
</buildStep>
<buildStep step="ValidatingDocumentationSources">
Validating and copying documentation source information
Source: C:\wip\AccidentalFish.ApplicationSupport.Owin\AccidentalFish.ApplicationSupport.Owin.Azure\bin\Debug\AccidentalFish.ApplicationSupport.Owin.Azure.dll
    Found assembly &#39;C:\wip\AccidentalFish.ApplicationSupport.Owin\AccidentalFish.ApplicationSupport.Owin.Azure\bin\Debug\AccidentalFish.ApplicationSupport.Owin.Azure.dll&#39;
Source: C:\wip\AccidentalFish.ApplicationSupport.Owin\AccidentalFish.ApplicationSupport.Owin.Azure\bin\Debug\AccidentalFish.ApplicationSupport.Owin.Azure.xml
Source: C:\wip\AccidentalFish.ApplicationSupport.Owin\AccidentalFish.ApplicationSupport.Owin.WebApi\bin\Debug\AccidentalFish.ApplicationSupport.Owin.WebApi.dll
    Found assembly &#39;C:\wip\AccidentalFish.ApplicationSupport.Owin\AccidentalFish.ApplicationSupport.Owin.WebApi\bin\Debug\AccidentalFish.ApplicationSupport.Owin.WebApi.dll&#39;
Source: C:\wip\AccidentalFish.ApplicationSupport.Owin\AccidentalFish.ApplicationSupport.Owin.WebApi\bin\Debug\AccidentalFish.ApplicationSupport.Owin.WebApi.xml
Source: C:\wip\AccidentalFish.ApplicationSupport.Owin\AccidentalFish.ApplicationSupport.Owin\bin\Debug\AccidentalFish.ApplicationSupport.Owin.dll
    Found assembly &#39;C:\wip\AccidentalFish.ApplicationSupport.Owin\AccidentalFish.ApplicationSupport.Owin\bin\Debug\AccidentalFish.ApplicationSupport.Owin.dll&#39;
Source: C:\wip\AccidentalFish.ApplicationSupport.Owin\AccidentalFish.ApplicationSupport.Owin\bin\Debug\AccidentalFish.ApplicationSupport.Owin.xml
Source: C:\wip\AccidentalFish.ApplicationSupport.Owin\AccidentalFish.ApplicationSupport.Owin.Mvc\bin\Debug\AccidentalFish.ApplicationSupport.Owin.Mvc.dll
    Found assembly &#39;C:\wip\AccidentalFish.ApplicationSupport.Owin\AccidentalFish.ApplicationSupport.Owin.Mvc\bin\Debug\AccidentalFish.ApplicationSupport.Owin.Mvc.dll&#39;
Source: C:\wip\AccidentalFish.ApplicationSupport.Owin\AccidentalFish.ApplicationSupport.Owin.Mvc\bin\Debug\AccidentalFish.ApplicationSupport.Owin.Mvc.xml

References to include (excluding framework assemblies):
    AccidentalFish.ApplicationSupport.Owin.Azure

Copying XML comments files
    C:\wip\AccidentalFish.ApplicationSupport.Owin\AccidentalFish.ApplicationSupport.Owin.Azure\bin\Debug\AccidentalFish.ApplicationSupport.Owin.Azure.XML -&gt; C:\wip\AccidentalFish.ApplicationSupport.Owin\DocWorking\AccidentalFish.ApplicationSupport.Owin.Azure.XML
    C:\wip\AccidentalFish.ApplicationSupport.Owin\AccidentalFish.ApplicationSupport.Owin.WebApi\bin\Debug\AccidentalFish.ApplicationSupport.Owin.WebApi.XML -&gt; C:\wip\AccidentalFish.ApplicationSupport.Owin\DocWorking\AccidentalFish.ApplicationSupport.Owin.WebApi.XML
    C:\wip\AccidentalFish.ApplicationSupport.Owin\AccidentalFish.ApplicationSupport.Owin\bin\Debug\AccidentalFish.ApplicationSupport.Owin.XML -&gt; C:\wip\AccidentalFish.ApplicationSupport.Owin\DocWorking\AccidentalFish.ApplicationSupport.Owin.XML
    C:\wip\AccidentalFish.ApplicationSupport.Owin\AccidentalFish.ApplicationSupport.Owin.Mvc\bin\Debug\AccidentalFish.ApplicationSupport.Owin.Mvc.XML -&gt; C:\wip\AccidentalFish.ApplicationSupport.Owin\DocWorking\AccidentalFish.ApplicationSupport.Owin.Mvc.XML
</buildStep>
<buildStep step="GenerateSharedContent">
Generating shared content files (en-US, English (United States))...
<plugIn name="Lightweight Website Style" behavior="After" priority="1000">
</plugIn>    Last step completed in 00:00:00.0539
</buildStep>
<buildStep step="GenerateApiFilter">
Generating API filter for MRefBuilder...
    Last step completed in 00:00:00.0110
</buildStep>
<buildStep step="GenerateReflectionInfo">
Generating reflection information...
[C:\Windows\Microsoft.NET\Framework64\v4.0.30319\MSBuild.exe - GenerateRefInfo.proj]
Build started 22/08/2015 10:14:10.
Project &quot;C:\wip\AccidentalFish.ApplicationSupport.Owin\DocWorking\GenerateRefInfo.proj&quot; on node 1 (default targets).
PrepareForBuild:
  Creating directory &quot;obj\Debug\&quot;.
GenerateRefInfo:
  MRefBuilder (v2015.7.25.0)
  Copyright &#184; 2006-2015, Microsoft Corporation, All Rights Reserved.
  Portions Copyright &#184; 2006-2015, Eric Woodruff, All Rights Reserved.
  Loaded 4 assemblies for reflection and 2 dependency assemblies.
  Wrote information on 4 namespaces, 9 types, and 20 members
  Copying file from &quot;reflection.org&quot; to &quot;reflection.all&quot;.
  XslTransform (v2015.7.25.0)
  Copyright &#184; 2006-2015, Microsoft Corporation, All Rights Reserved.
  Portions Copyright &#184; 2006-2015, Eric Woodruff, All Rights Reserved.
  Applying XSL transformation &#39;C:\Program Files (x86)\EWSoftware\Sandcastle Help File Builder\ProductionTransforms\MergeDuplicates.xsl&#39;.
Done Building Project &quot;C:\wip\AccidentalFish.ApplicationSupport.Owin\DocWorking\GenerateRefInfo.proj&quot; (default targets).

Build succeeded.

Time Elapsed 00:00:01.17
    Last step completed in 00:00:01.4981
</buildStep>
<buildStep step="TransformReflectionInfo">
Transforming reflection output...
[C:\Windows\Microsoft.NET\Framework64\v4.0.30319\MSBuild.exe - TransformManifest.proj]
Build started 22/08/2015 10:14:11.
Project &quot;C:\wip\AccidentalFish.ApplicationSupport.Owin\DocWorking\TransformManifest.proj&quot; on node 1 (default targets).
TransformManifest:
  XslTransform (v2015.7.25.0)
  Copyright &#184; 2006-2015, Microsoft Corporation, All Rights Reserved.
  Portions Copyright &#184; 2006-2015, Eric Woodruff, All Rights Reserved.
  Applying XSL transformation &#39;C:\Program Files (x86)\EWSoftware\Sandcastle Help File Builder\\ProductionTransforms\ApplyVSDocModel.xsl&#39;.
  Copying file from &quot;reflection.xml&quot; to &quot;reflection.nofilenames&quot;.
  XslTransform (v2015.7.25.0)
  Copyright &#184; 2006-2015, Microsoft Corporation, All Rights Reserved.
  Portions Copyright &#184; 2006-2015, Eric Woodruff, All Rights Reserved.
  Applying XSL transformation &#39;C:\Program Files (x86)\EWSoftware\Sandcastle Help File Builder\ProductionTransforms\AddFilenames.xsl&#39;.
    Unique name M_AccidentalFish_ApplicationSupport_Owin_Mvc_HttpCorrelatorAttribute__ctor_1 generated for M:AccidentalFish.ApplicationSupport.Owin.Mvc.HttpCorrelatorAttribute.#ctor(System.String)
    Unique name M_AccidentalFish_ApplicationSupport_Owin_WebApi_HttpCorrelatorAttribute__ctor_1 generated for M:AccidentalFish.ApplicationSupport.Owin.WebApi.HttpCorrelatorAttribute.#ctor(System.String)
  XslTransform (v2015.7.25.0)
  Copyright &#184; 2006-2015, Microsoft Corporation, All Rights Reserved.
  Portions Copyright &#184; 2006-2015, Eric Woodruff, All Rights Reserved.
  Applying XSL transformation &#39;C:\Program Files (x86)\EWSoftware\Sandcastle Help File Builder\ProductionTransforms\ReflectionToManifest.xsl&#39;.
Done Building Project &quot;C:\wip\AccidentalFish.ApplicationSupport.Owin\DocWorking\TransformManifest.proj&quot; (default targets).

Build succeeded.

Time Elapsed 00:00:00.74
    Last step completed in 00:00:01.0190
</buildStep>
<buildStep step="GenerateNamespaceSummaries">
Generating namespace summary information...
    Last step completed in 00:00:00.0321
</buildStep>
<buildStep step="CopyAdditionalContent">
Copying additional content files...
No additional content to copy
    Last step completed in 00:00:00.0050
</buildStep>
<buildStep step="MergeTablesOfContents">
Merging conceptual and additional tables of contents...
    Last step completed in 00:00:00.0019
</buildStep>
<buildStep step="GenerateIntermediateTableOfContents">
Generating intermediate table of contents file...
[C:\Windows\Microsoft.NET\Framework64\v4.0.30319\MSBuild.exe - GenerateIntermediateTOC.proj]
Build started 22/08/2015 10:14:12.
Project &quot;C:\wip\AccidentalFish.ApplicationSupport.Owin\DocWorking\GenerateIntermediateTOC.proj&quot; on node 1 (default targets).
GenerateIntermediateTOC:
  XslTransform (v2015.7.25.0)
  Copyright &#184; 2006-2015, Microsoft Corporation, All Rights Reserved.
  Portions Copyright &#184; 2006-2015, Eric Woodruff, All Rights Reserved.
  Applying XSL transformation &#39;C:\Program Files (x86)\EWSoftware\Sandcastle Help File Builder\\ProductionTransforms\CreateVSToc.xsl&#39;.
Done Building Project &quot;C:\wip\AccidentalFish.ApplicationSupport.Owin\DocWorking\GenerateIntermediateTOC.proj&quot; (default targets).

Build succeeded.

Time Elapsed 00:00:00.27
Generating conceptual content intermediate TOC file...
    Last step completed in 00:00:00.5680
</buildStep>
<buildStep step="CreateBuildAssemblerConfigs">
Creating Sandcastle configuration files...
    sandcastle.config
    Last step completed in 00:00:00.3171
</buildStep>
<buildStep step="MergeCustomConfigs">
Merging custom build component configurations
C:\wip\AccidentalFish.ApplicationSupport.Owin\DocWorking\sandcastle.config
    Last step completed in 00:00:00.0181
</buildStep>
<buildStep step="BuildReferenceTopics">
Building reference help topics...
[C:\Windows\Microsoft.NET\Framework64\v4.0.30319\MSBuild.exe - BuildReferenceTopics.proj]
Build started 22/08/2015 10:14:13.
Project &quot;C:\wip\AccidentalFish.ApplicationSupport.Owin\DocWorking\BuildReferenceTopics.proj&quot; on node 1 (default targets).
BuildReferenceTopics:
  BuildAssembler (v2015.7.25.0)
  Copyright &#184; 2006-2015, Microsoft Corporation, All Rights Reserved.
  Portions Copyright &#184; 2006-2015, Eric Woodruff, All Rights Reserved.
  Loading configuration...
  Processing topics...
BuildAssembler : warning : ShowMissingComponent: [M:AccidentalFish.ApplicationSupport.Owin.HttpLogger.Invoke(Microsoft.Owin.IOwinContext)] Missing &lt;returns&gt; documentation [C:\wip\AccidentalFish.ApplicationSupport.Owin\DocWorking\BuildReferenceTopics.proj]
BuildAssembler : warning : ShowMissingComponent: [M:AccidentalFish.ApplicationSupport.Owin.HttpLogger.Invoke(Microsoft.Owin.IOwinContext)] Missing &lt;param name=&quot;context&quot;/&gt; documentation [C:\wip\AccidentalFish.ApplicationSupport.Owin\DocWorking\BuildReferenceTopics.proj]
BuildAssembler : warning : ShowMissingComponent: [M:AccidentalFish.ApplicationSupport.Owin.IAppBuilderExtensions.UseHttpCorrelator(Owin.IAppBuilder,System.String)] Missing &lt;returns&gt; documentation [C:\wip\AccidentalFish.ApplicationSupport.Owin\DocWorking\BuildReferenceTopics.proj]
BuildAssembler : warning : ResolveReferenceLinksComponent: [M:AccidentalFish.ApplicationSupport.Owin.IAppBuilderExtensions.UseHttpCorrelator(Owin.IAppBuilder,System.String)] Unknown reference link target &#39;T:Owin.IAppBuilder&#39;. [C:\wip\AccidentalFish.ApplicationSupport.Owin\DocWorking\BuildReferenceTopics.proj]
BuildAssembler : warning : ResolveReferenceLinksComponent: [M:AccidentalFish.ApplicationSupport.Owin.IAppBuilderExtensions.UseHttpCorrelator(Owin.IAppBuilder,System.String)] Unknown reference link target &#39;T:Owin.IAppBuilder&#39;. [C:\wip\AccidentalFish.ApplicationSupport.Owin\DocWorking\BuildReferenceTopics.proj]
BuildAssembler : warning : ResolveReferenceLinksComponent: [M:AccidentalFish.ApplicationSupport.Owin.IAppBuilderExtensions.UseHttpCorrelator(Owin.IAppBuilder,System.String)] Unknown reference link target &#39;T:Owin.IAppBuilder&#39;. [C:\wip\AccidentalFish.ApplicationSupport.Owin\DocWorking\BuildReferenceTopics.proj]
BuildAssembler : warning : ShowMissingComponent: [M:AccidentalFish.ApplicationSupport.Owin.IAppBuilderExtensions.UseHttpLogger(Owin.IAppBuilder,AccidentalFish.ApplicationSupport.Owin.IHttpLoggerRepository,System.Boolean,System.Boolean,System.Boolean,System.String[],System.String[],System.String)] Missing &lt;returns&gt; documentation [C:\wip\AccidentalFish.ApplicationSupport.Owin\DocWorking\BuildReferenceTopics.proj]
BuildAssembler : warning : ResolveReferenceLinksComponent: [M:AccidentalFish.ApplicationSupport.Owin.IAppBuilderExtensions.UseHttpLogger(Owin.IAppBuilder,AccidentalFish.ApplicationSupport.Owin.IHttpLoggerRepository,System.Boolean,System.Boolean,System.Boolean,System.String[],System.String[],System.String)] Unknown reference link target &#39;T:Owin.IAppBuilder&#39;. [C:\wip\AccidentalFish.ApplicationSupport.Owin\DocWorking\BuildReferenceTopics.proj]
BuildAssembler : warning : ResolveReferenceLinksComponent: [M:AccidentalFish.ApplicationSupport.Owin.IAppBuilderExtensions.UseHttpLogger(Owin.IAppBuilder,AccidentalFish.ApplicationSupport.Owin.IHttpLoggerRepository,System.Boolean,System.Boolean,System.Boolean,System.String[],System.String[],System.String)] Unknown reference link target &#39;T:Owin.IAppBuilder&#39;. [C:\wip\AccidentalFish.ApplicationSupport.Owin\DocWorking\BuildReferenceTopics.proj]
BuildAssembler : warning : ResolveReferenceLinksComponent: [M:AccidentalFish.ApplicationSupport.Owin.IAppBuilderExtensions.UseHttpLogger(Owin.IAppBuilder,AccidentalFish.ApplicationSupport.Owin.IHttpLoggerRepository,System.Boolean,System.Boolean,System.Boolean,System.String[],System.String[],System.String)] Unknown reference link target &#39;T:Owin.IAppBuilder&#39;. [C:\wip\AccidentalFish.ApplicationSupport.Owin\DocWorking\BuildReferenceTopics.proj]
BuildAssembler : warning : ShowMissingComponent: [M:AccidentalFish.ApplicationSupport.Owin.Azure.IAppBuilderExtensions.UseAzureHttpLogger(Owin.IAppBuilder,System.String,System.Boolean,System.Boolean,System.Boolean,System.String[],System.String[],System.String,System.String,AccidentalFish.ApplicationSupport.Owin.Azure.LogByDateGranularityEnum)] Missing &lt;returns&gt; documentation [C:\wip\AccidentalFish.ApplicationSupport.Owin\DocWorking\BuildReferenceTopics.proj]
BuildAssembler : warning : ResolveReferenceLinksComponent: [M:AccidentalFish.ApplicationSupport.Owin.Azure.IAppBuilderExtensions.UseAzureHttpLogger(Owin.IAppBuilder,System.String,System.Boolean,System.Boolean,System.Boolean,System.String[],System.String[],System.String,System.String,AccidentalFish.ApplicationSupport.Owin.Azure.LogByDateGranularityEnum)] Unknown reference link target &#39;T:Owin.IAppBuilder&#39;. [C:\wip\AccidentalFish.ApplicationSupport.Owin\DocWorking\BuildReferenceTopics.proj]
BuildAssembler : warning : ResolveReferenceLinksComponent: [M:AccidentalFish.ApplicationSupport.Owin.Azure.IAppBuilderExtensions.UseAzureHttpLogger(Owin.IAppBuilder,System.String,System.Boolean,System.Boolean,System.Boolean,System.String[],System.String[],System.String,System.String,AccidentalFish.ApplicationSupport.Owin.Azure.LogByDateGranularityEnum)] Unknown reference link target &#39;T:Owin.IAppBuilder&#39;. [C:\wip\AccidentalFish.ApplicationSupport.Owin\DocWorking\BuildReferenceTopics.proj]
BuildAssembler : warning : ResolveReferenceLinksComponent: [M:AccidentalFish.ApplicationSupport.Owin.Azure.IAppBuilderExtensions.UseAzureHttpLogger(Owin.IAppBuilder,System.String,System.Boolean,System.Boolean,System.Boolean,System.String[],System.String[],System.String,System.String,AccidentalFish.ApplicationSupport.Owin.Azure.LogByDateGranularityEnum)] Unknown reference link target &#39;T:Owin.IAppBuilder&#39;. [C:\wip\AccidentalFish.ApplicationSupport.Owin\DocWorking\BuildReferenceTopics.proj]
BuildAssembler : warning : ShowMissingComponent: [M:AccidentalFish.ApplicationSupport.Owin.Mvc.HttpCorrelatorAttribute.OnActionExecuting(System.Web.Mvc.ActionExecutingContext)] Missing &lt;param name=&quot;filterContext&quot;/&gt; documentation [C:\wip\AccidentalFish.ApplicationSupport.Owin\DocWorking\BuildReferenceTopics.proj]
BuildAssembler : warning : ShowMissingComponent: [M:AccidentalFish.ApplicationSupport.Owin.WebApi.HttpCorrelatorAttribute.OnActionExecuting(System.Web.Http.Controllers.HttpActionContext)] Missing &lt;param name=&quot;actionContext&quot;/&gt; documentation [C:\wip\AccidentalFish.ApplicationSupport.Owin\DocWorking\BuildReferenceTopics.proj]
  Processed 43 topic(s)
  16 warning(s)
  CopyFromIndexComponent: &quot;reflection&quot; in-memory cache entries used: 4 of 15.
  CopyFromIndexComponent: &quot;comments&quot; in-memory cache entries used: 6 of 30.
Done Building Project &quot;C:\wip\AccidentalFish.ApplicationSupport.Owin\DocWorking\BuildReferenceTopics.proj&quot; (default targets).

Build succeeded.

Time Elapsed 00:00:20.97
    Last step completed in 00:00:21.3214
</buildStep>
<buildStep step="CombiningIntermediateTocFiles">
Combining conceptual and API intermediate TOC files...
    Last step completed in 00:00:00.0051
</buildStep>
<buildStep step="ExtractingHtmlInfo">
Extracting HTML info for HTML Help 1 and/or website...
[C:\Windows\Microsoft.NET\Framework64\v4.0.30319\MSBuild.exe - ExtractHtmlInfo.proj]
Sandcastle Help File Builder and Tools, version 2015.7.25.0
Copyright &#184; 2006-2015, Eric Woodruff, All Rights Reserved
E-Mail: Eric@EWoodruff.us

Using LCID &#39;1033&#39;, code page &#39;65001&#39;, encoding charset &#39;UTF-8&#39;.

Processing website files in C:\wip\AccidentalFish.ApplicationSupport.Owin\DocWorking\Output\Website
Processed 43 HTML files
Sorting keywords and generating See Also indices
Saving website keyword index to C:\wip\AccidentalFish.ApplicationSupport.Owin\DocWorking\WebKI.xml
Saving website table of contents to C:\wip\AccidentalFish.ApplicationSupport.Owin\DocWorking\WebTOC.xml
    Last step completed in 00:00:00.5678
</buildStep>
<buildStep step="CopyStandardHelpContent">
Copying standard help content...
C:\Program Files (x86)\EWSoftware\Sandcastle Help File Builder\PresentationStyles\VS2013\icons\AlertCaution.png -&gt; C:\wip\AccidentalFish.ApplicationSupport.Owin\DocWorking\Output\Website\icons\AlertCaution.png
C:\Program Files (x86)\EWSoftware\Sandcastle Help File Builder\PresentationStyles\VS2013\icons\AlertNote.png -&gt; C:\wip\AccidentalFish.ApplicationSupport.Owin\DocWorking\Output\Website\icons\AlertNote.png
C:\Program Files (x86)\EWSoftware\Sandcastle Help File Builder\PresentationStyles\VS2013\icons\AlertSecurity.png -&gt; C:\wip\AccidentalFish.ApplicationSupport.Owin\DocWorking\Output\Website\icons\AlertSecurity.png
C:\Program Files (x86)\EWSoftware\Sandcastle Help File Builder\PresentationStyles\VS2013\icons\CFW.gif -&gt; C:\wip\AccidentalFish.ApplicationSupport.Owin\DocWorking\Output\Website\icons\CFW.gif
C:\Program Files (x86)\EWSoftware\Sandcastle Help File Builder\PresentationStyles\VS2013\icons\CodeExample.png -&gt; C:\wip\AccidentalFish.ApplicationSupport.Owin\DocWorking\Output\Website\icons\CodeExample.png
C:\Program Files (x86)\EWSoftware\Sandcastle Help File Builder\PresentationStyles\VS2013\icons\favicon.ico -&gt; C:\wip\AccidentalFish.ApplicationSupport.Owin\DocWorking\Output\Website\icons\favicon.ico
C:\Program Files (x86)\EWSoftware\Sandcastle Help File Builder\PresentationStyles\VS2013\icons\privclass.gif -&gt; C:\wip\AccidentalFish.ApplicationSupport.Owin\DocWorking\Output\Website\icons\privclass.gif
C:\Program Files (x86)\EWSoftware\Sandcastle Help File Builder\PresentationStyles\VS2013\icons\privdelegate.gif -&gt; C:\wip\AccidentalFish.ApplicationSupport.Owin\DocWorking\Output\Website\icons\privdelegate.gif
C:\Program Files (x86)\EWSoftware\Sandcastle Help File Builder\PresentationStyles\VS2013\icons\privenumeration.gif -&gt; C:\wip\AccidentalFish.ApplicationSupport.Owin\DocWorking\Output\Website\icons\privenumeration.gif
C:\Program Files (x86)\EWSoftware\Sandcastle Help File Builder\PresentationStyles\VS2013\icons\privevent.gif -&gt; C:\wip\AccidentalFish.ApplicationSupport.Owin\DocWorking\Output\Website\icons\privevent.gif
C:\Program Files (x86)\EWSoftware\Sandcastle Help File Builder\PresentationStyles\VS2013\icons\privextension.gif -&gt; C:\wip\AccidentalFish.ApplicationSupport.Owin\DocWorking\Output\Website\icons\privextension.gif
C:\Program Files (x86)\EWSoftware\Sandcastle Help File Builder\PresentationStyles\VS2013\icons\privfield.gif -&gt; C:\wip\AccidentalFish.ApplicationSupport.Owin\DocWorking\Output\Website\icons\privfield.gif
C:\Program Files (x86)\EWSoftware\Sandcastle Help File Builder\PresentationStyles\VS2013\icons\privinterface.gif -&gt; C:\wip\AccidentalFish.ApplicationSupport.Owin\DocWorking\Output\Website\icons\privinterface.gif
C:\Program Files (x86)\EWSoftware\Sandcastle Help File Builder\PresentationStyles\VS2013\icons\privmethod.gif -&gt; C:\wip\AccidentalFish.ApplicationSupport.Owin\DocWorking\Output\Website\icons\privmethod.gif
C:\Program Files (x86)\EWSoftware\Sandcastle Help File Builder\PresentationStyles\VS2013\icons\privproperty.gif -&gt; C:\wip\AccidentalFish.ApplicationSupport.Owin\DocWorking\Output\Website\icons\privproperty.gif
C:\Program Files (x86)\EWSoftware\Sandcastle Help File Builder\PresentationStyles\VS2013\icons\privstructure.gif -&gt; C:\wip\AccidentalFish.ApplicationSupport.Owin\DocWorking\Output\Website\icons\privstructure.gif
C:\Program Files (x86)\EWSoftware\Sandcastle Help File Builder\PresentationStyles\VS2013\icons\protclass.gif -&gt; C:\wip\AccidentalFish.ApplicationSupport.Owin\DocWorking\Output\Website\icons\protclass.gif
C:\Program Files (x86)\EWSoftware\Sandcastle Help File Builder\PresentationStyles\VS2013\icons\protdelegate.gif -&gt; C:\wip\AccidentalFish.ApplicationSupport.Owin\DocWorking\Output\Website\icons\protdelegate.gif
C:\Program Files (x86)\EWSoftware\Sandcastle Help File Builder\PresentationStyles\VS2013\icons\protenumeration.gif -&gt; C:\wip\AccidentalFish.ApplicationSupport.Owin\DocWorking\Output\Website\icons\protenumeration.gif
C:\Program Files (x86)\EWSoftware\Sandcastle Help File Builder\PresentationStyles\VS2013\icons\protevent.gif -&gt; C:\wip\AccidentalFish.ApplicationSupport.Owin\DocWorking\Output\Website\icons\protevent.gif
C:\Program Files (x86)\EWSoftware\Sandcastle Help File Builder\PresentationStyles\VS2013\icons\protextension.gif -&gt; C:\wip\AccidentalFish.ApplicationSupport.Owin\DocWorking\Output\Website\icons\protextension.gif
C:\Program Files (x86)\EWSoftware\Sandcastle Help File Builder\PresentationStyles\VS2013\icons\protfield.gif -&gt; C:\wip\AccidentalFish.ApplicationSupport.Owin\DocWorking\Output\Website\icons\protfield.gif
C:\Program Files (x86)\EWSoftware\Sandcastle Help File Builder\PresentationStyles\VS2013\icons\protinterface.gif -&gt; C:\wip\AccidentalFish.ApplicationSupport.Owin\DocWorking\Output\Website\icons\protinterface.gif
C:\Program Files (x86)\EWSoftware\Sandcastle Help File Builder\PresentationStyles\VS2013\icons\protmethod.gif -&gt; C:\wip\AccidentalFish.ApplicationSupport.Owin\DocWorking\Output\Website\icons\protmethod.gif
C:\Program Files (x86)\EWSoftware\Sandcastle Help File Builder\PresentationStyles\VS2013\icons\protoperator.gif -&gt; C:\wip\AccidentalFish.ApplicationSupport.Owin\DocWorking\Output\Website\icons\protoperator.gif
C:\Program Files (x86)\EWSoftware\Sandcastle Help File Builder\PresentationStyles\VS2013\icons\protproperty.gif -&gt; C:\wip\AccidentalFish.ApplicationSupport.Owin\DocWorking\Output\Website\icons\protproperty.gif
C:\Program Files (x86)\EWSoftware\Sandcastle Help File Builder\PresentationStyles\VS2013\icons\protstructure.gif -&gt; C:\wip\AccidentalFish.ApplicationSupport.Owin\DocWorking\Output\Website\icons\protstructure.gif
C:\Program Files (x86)\EWSoftware\Sandcastle Help File Builder\PresentationStyles\VS2013\icons\pubclass.gif -&gt; C:\wip\AccidentalFish.ApplicationSupport.Owin\DocWorking\Output\Website\icons\pubclass.gif
C:\Program Files (x86)\EWSoftware\Sandcastle Help File Builder\PresentationStyles\VS2013\icons\pubdelegate.gif -&gt; C:\wip\AccidentalFish.ApplicationSupport.Owin\DocWorking\Output\Website\icons\pubdelegate.gif
C:\Program Files (x86)\EWSoftware\Sandcastle Help File Builder\PresentationStyles\VS2013\icons\pubenumeration.gif -&gt; C:\wip\AccidentalFish.ApplicationSupport.Owin\DocWorking\Output\Website\icons\pubenumeration.gif
C:\Program Files (x86)\EWSoftware\Sandcastle Help File Builder\PresentationStyles\VS2013\icons\pubevent.gif -&gt; C:\wip\AccidentalFish.ApplicationSupport.Owin\DocWorking\Output\Website\icons\pubevent.gif
C:\Program Files (x86)\EWSoftware\Sandcastle Help File Builder\PresentationStyles\VS2013\icons\pubextension.gif -&gt; C:\wip\AccidentalFish.ApplicationSupport.Owin\DocWorking\Output\Website\icons\pubextension.gif
C:\Program Files (x86)\EWSoftware\Sandcastle Help File Builder\PresentationStyles\VS2013\icons\pubfield.gif -&gt; C:\wip\AccidentalFish.ApplicationSupport.Owin\DocWorking\Output\Website\icons\pubfield.gif
C:\Program Files (x86)\EWSoftware\Sandcastle Help File Builder\PresentationStyles\VS2013\icons\pubinterface.gif -&gt; C:\wip\AccidentalFish.ApplicationSupport.Owin\DocWorking\Output\Website\icons\pubinterface.gif
C:\Program Files (x86)\EWSoftware\Sandcastle Help File Builder\PresentationStyles\VS2013\icons\pubmethod.gif -&gt; C:\wip\AccidentalFish.ApplicationSupport.Owin\DocWorking\Output\Website\icons\pubmethod.gif
C:\Program Files (x86)\EWSoftware\Sandcastle Help File Builder\PresentationStyles\VS2013\icons\puboperator.gif -&gt; C:\wip\AccidentalFish.ApplicationSupport.Owin\DocWorking\Output\Website\icons\puboperator.gif
C:\Program Files (x86)\EWSoftware\Sandcastle Help File Builder\PresentationStyles\VS2013\icons\pubproperty.gif -&gt; C:\wip\AccidentalFish.ApplicationSupport.Owin\DocWorking\Output\Website\icons\pubproperty.gif
C:\Program Files (x86)\EWSoftware\Sandcastle Help File Builder\PresentationStyles\VS2013\icons\pubstructure.gif -&gt; C:\wip\AccidentalFish.ApplicationSupport.Owin\DocWorking\Output\Website\icons\pubstructure.gif
C:\Program Files (x86)\EWSoftware\Sandcastle Help File Builder\PresentationStyles\VS2013\icons\SectionCollapsed.png -&gt; C:\wip\AccidentalFish.ApplicationSupport.Owin\DocWorking\Output\Website\icons\SectionCollapsed.png
C:\Program Files (x86)\EWSoftware\Sandcastle Help File Builder\PresentationStyles\VS2013\icons\SectionExpanded.png -&gt; C:\wip\AccidentalFish.ApplicationSupport.Owin\DocWorking\Output\Website\icons\SectionExpanded.png
C:\Program Files (x86)\EWSoftware\Sandcastle Help File Builder\PresentationStyles\VS2013\icons\slMobile.gif -&gt; C:\wip\AccidentalFish.ApplicationSupport.Owin\DocWorking\Output\Website\icons\slMobile.gif
C:\Program Files (x86)\EWSoftware\Sandcastle Help File Builder\PresentationStyles\VS2013\icons\static.gif -&gt; C:\wip\AccidentalFish.ApplicationSupport.Owin\DocWorking\Output\Website\icons\static.gif
C:\Program Files (x86)\EWSoftware\Sandcastle Help File Builder\PresentationStyles\VS2013\icons\xna.gif -&gt; C:\wip\AccidentalFish.ApplicationSupport.Owin\DocWorking\Output\Website\icons\xna.gif
C:\Program Files (x86)\EWSoftware\Sandcastle Help File Builder\PresentationStyles\VS2013\scripts\branding.js -&gt; C:\wip\AccidentalFish.ApplicationSupport.Owin\DocWorking\Output\Website\scripts\branding.js
C:\Program Files (x86)\EWSoftware\Sandcastle Help File Builder\PresentationStyles\VS2013\styles\branding-cs-CZ.css -&gt; C:\wip\AccidentalFish.ApplicationSupport.Owin\DocWorking\Output\Website\styles\branding-cs-CZ.css
C:\Program Files (x86)\EWSoftware\Sandcastle Help File Builder\PresentationStyles\VS2013\styles\branding-de-DE.css -&gt; C:\wip\AccidentalFish.ApplicationSupport.Owin\DocWorking\Output\Website\styles\branding-de-DE.css
C:\Program Files (x86)\EWSoftware\Sandcastle Help File Builder\PresentationStyles\VS2013\styles\branding-en-US.css -&gt; C:\wip\AccidentalFish.ApplicationSupport.Owin\DocWorking\Output\Website\styles\branding-en-US.css
C:\Program Files (x86)\EWSoftware\Sandcastle Help File Builder\PresentationStyles\VS2013\styles\branding-es-ES.css -&gt; C:\wip\AccidentalFish.ApplicationSupport.Owin\DocWorking\Output\Website\styles\branding-es-ES.css
C:\Program Files (x86)\EWSoftware\Sandcastle Help File Builder\PresentationStyles\VS2013\styles\branding-fr-FR.css -&gt; C:\wip\AccidentalFish.ApplicationSupport.Owin\DocWorking\Output\Website\styles\branding-fr-FR.css
C:\Program Files (x86)\EWSoftware\Sandcastle Help File Builder\PresentationStyles\VS2013\styles\branding-Help1.css -&gt; C:\wip\AccidentalFish.ApplicationSupport.Owin\DocWorking\Output\Website\styles\branding-Help1.css
C:\Program Files (x86)\EWSoftware\Sandcastle Help File Builder\PresentationStyles\VS2013\styles\branding-HelpViewer.css -&gt; C:\wip\AccidentalFish.ApplicationSupport.Owin\DocWorking\Output\Website\styles\branding-HelpViewer.css
C:\Program Files (x86)\EWSoftware\Sandcastle Help File Builder\PresentationStyles\VS2013\styles\branding-it-IT.css -&gt; C:\wip\AccidentalFish.ApplicationSupport.Owin\DocWorking\Output\Website\styles\branding-it-IT.css
C:\Program Files (x86)\EWSoftware\Sandcastle Help File Builder\PresentationStyles\VS2013\styles\branding-ja-JP.css -&gt; C:\wip\AccidentalFish.ApplicationSupport.Owin\DocWorking\Output\Website\styles\branding-ja-JP.css
C:\Program Files (x86)\EWSoftware\Sandcastle Help File Builder\PresentationStyles\VS2013\styles\branding-ko-KR.css -&gt; C:\wip\AccidentalFish.ApplicationSupport.Owin\DocWorking\Output\Website\styles\branding-ko-KR.css
C:\Program Files (x86)\EWSoftware\Sandcastle Help File Builder\PresentationStyles\VS2013\styles\branding-pl-PL.css -&gt; C:\wip\AccidentalFish.ApplicationSupport.Owin\DocWorking\Output\Website\styles\branding-pl-PL.css
C:\Program Files (x86)\EWSoftware\Sandcastle Help File Builder\PresentationStyles\VS2013\styles\branding-pt-BR.css -&gt; C:\wip\AccidentalFish.ApplicationSupport.Owin\DocWorking\Output\Website\styles\branding-pt-BR.css
C:\Program Files (x86)\EWSoftware\Sandcastle Help File Builder\PresentationStyles\VS2013\styles\branding-ru-RU.css -&gt; C:\wip\AccidentalFish.ApplicationSupport.Owin\DocWorking\Output\Website\styles\branding-ru-RU.css
C:\Program Files (x86)\EWSoftware\Sandcastle Help File Builder\PresentationStyles\VS2013\styles\branding-tr-TR.css -&gt; C:\wip\AccidentalFish.ApplicationSupport.Owin\DocWorking\Output\Website\styles\branding-tr-TR.css
C:\Program Files (x86)\EWSoftware\Sandcastle Help File Builder\PresentationStyles\VS2013\styles\branding-Website.css -&gt; C:\wip\AccidentalFish.ApplicationSupport.Owin\DocWorking\Output\Website\styles\branding-Website.css
C:\Program Files (x86)\EWSoftware\Sandcastle Help File Builder\PresentationStyles\VS2013\styles\branding-zh-CN.css -&gt; C:\wip\AccidentalFish.ApplicationSupport.Owin\DocWorking\Output\Website\styles\branding-zh-CN.css
C:\Program Files (x86)\EWSoftware\Sandcastle Help File Builder\PresentationStyles\VS2013\styles\branding-zh-TW.css -&gt; C:\wip\AccidentalFish.ApplicationSupport.Owin\DocWorking\Output\Website\styles\branding-zh-TW.css
C:\Program Files (x86)\EWSoftware\Sandcastle Help File Builder\PresentationStyles\VS2013\styles\branding.css -&gt; C:\wip\AccidentalFish.ApplicationSupport.Owin\DocWorking\Output\Website\styles\branding.css
C:\Program Files (x86)\EWSoftware\Sandcastle Help File Builder\PresentationStyles\VS2013\Web\index.html -&gt; C:\wip\AccidentalFish.ApplicationSupport.Owin\DocWorking\Output\Website\index.html
C:\Program Files (x86)\EWSoftware\Sandcastle Help File Builder\PresentationStyles\VS2013\Web\search.html -&gt; C:\wip\AccidentalFish.ApplicationSupport.Owin\DocWorking\Output\Website\search.html
C:\Program Files (x86)\EWSoftware\Sandcastle Help File Builder\PresentationStyles\VS2013\Web\SearchHelp.aspx -&gt; C:\wip\AccidentalFish.ApplicationSupport.Owin\DocWorking\Output\Website\SearchHelp.aspx
C:\Program Files (x86)\EWSoftware\Sandcastle Help File Builder\PresentationStyles\VS2013\Web\SearchHelp.inc.php -&gt; C:\wip\AccidentalFish.ApplicationSupport.Owin\DocWorking\Output\Website\SearchHelp.inc.php
C:\Program Files (x86)\EWSoftware\Sandcastle Help File Builder\PresentationStyles\VS2013\Web\SearchHelp.php -&gt; C:\wip\AccidentalFish.ApplicationSupport.Owin\DocWorking\Output\Website\SearchHelp.php
C:\Program Files (x86)\EWSoftware\Sandcastle Help File Builder\PresentationStyles\VS2013\Web\Web.Config -&gt; C:\wip\AccidentalFish.ApplicationSupport.Owin\DocWorking\Output\Website\Web.Config
C:\Program Files (x86)\EWSoftware\Sandcastle Help File Builder\PresentationStyles\VS2013\Web\icons\Search.png -&gt; C:\wip\AccidentalFish.ApplicationSupport.Owin\DocWorking\Output\Website\icons\Search.png
C:\Program Files (x86)\EWSoftware\Sandcastle Help File Builder\PresentationStyles\VS2013\Web\icons\TocClose.gif -&gt; C:\wip\AccidentalFish.ApplicationSupport.Owin\DocWorking\Output\Website\icons\TocClose.gif
C:\Program Files (x86)\EWSoftware\Sandcastle Help File Builder\PresentationStyles\VS2013\Web\icons\TocCollapsed.gif -&gt; C:\wip\AccidentalFish.ApplicationSupport.Owin\DocWorking\Output\Website\icons\TocCollapsed.gif
C:\Program Files (x86)\EWSoftware\Sandcastle Help File Builder\PresentationStyles\VS2013\Web\icons\TocExpanded.gif -&gt; C:\wip\AccidentalFish.ApplicationSupport.Owin\DocWorking\Output\Website\icons\TocExpanded.gif
C:\Program Files (x86)\EWSoftware\Sandcastle Help File Builder\PresentationStyles\VS2013\Web\icons\TocOpen.gif -&gt; C:\wip\AccidentalFish.ApplicationSupport.Owin\DocWorking\Output\Website\icons\TocOpen.gif
C:\Program Files (x86)\EWSoftware\Sandcastle Help File Builder\PresentationStyles\VS2013\Web\scripts\branding-Website.js -&gt; C:\wip\AccidentalFish.ApplicationSupport.Owin\DocWorking\Output\Website\scripts\branding-Website.js
C:\Program Files (x86)\EWSoftware\Sandcastle Help File Builder\PresentationStyles\VS2013\Web\scripts\jquery-1.11.0.min.js -&gt; C:\wip\AccidentalFish.ApplicationSupport.Owin\DocWorking\Output\Website\scripts\jquery-1.11.0.min.js
    Last step completed in 00:00:00.3620
</buildStep>
<buildStep step="GenerateHelpFormatTableOfContents">
Generating website table of contents file...
    Last step completed in 00:00:00.0021
</buildStep>
<buildStep step="GenerateFullTextIndex">
Generating full-text index for the website...

<plugIn name="Lightweight Website Style" behavior="After" priority="1000">
Adding lightweight search and TOC elements to each topic...
</plugIn>    Last step completed in 00:00:00.7450
</buildStep>
<buildStep step="CopyingWebsiteFiles">
Copying website files to output folder...

Copied 165 files for the website content
    Last step completed in 00:00:00.5984
</buildStep>
<buildStep step="CleanIntermediates">
Removing intermediate files...
    Last step completed in 00:00:00.1275
</buildStep>
<buildStep step="Completed">

Build completed successfully at 22/08/2015 10:14:37.  Total time: 00:00:32.6162

</buildStep>
</shfbBuild>
